Determining size of off64_t failed with the following output:
Change Dir: D:/DevelopmentEnvironment/Workspaces/Sources/zlib-1.2.11-src/vcprojects/CMakeFiles/CMakeTmp

Run Build Command:"C:/Program Files (x86)/MSBuild/12.0/bin/MSBuild.exe" "cmTC_d11f5.vcxproj" "/p:Configuration=Debug" "/p:VisualStudioVersion=12.0"
Microsoft(R) 生成引擎版本 12.0.40629.0
[Microsoft .NET Framework 版本 4.0.30319.18444]
版权所有 (C) Microsoft Corporation。保留所有权利。

生成启动时间为 2018/5/7 11:56:03。
节点 1 上的项目“D:\DevelopmentEnvironment\Workspaces\Sources\zlib-1.2.11-src\vcprojects\CMakeFiles\CMakeTmp\cmTC_d11f5.vcxproj”(默认目标)。
PrepareForBuild:
  正在创建目录“cmTC_d11f5.dir\Debug\”。
  正在创建目录“D:\DevelopmentEnvironment\Workspaces\Sources\zlib-1.2.11-src\vcprojects\CMakeFiles\CMakeTmp\Debug\”。
  正在创建目录“cmTC_d11f5.dir\Debug\cmTC_d11f5.tlog\”。
InitializeBuildStatus:
  正在创建“cmTC_d11f5.dir\Debug\cmTC_d11f5.tlog\unsuccessfulbuild”，因为已指定“AlwaysCreate”。
ClCompile:
  C:\Program Files (x86)\Microsoft Visual Studio 12.0\VC\bin\CL.exe /c /Zi /W3 /WX- /Od /Ob0 /Oy- /D WIN32 /D _WINDOWS /D _LARGEFILE64_SOURCE=1 /D HAVE_SYS_TYPES_H /D HAVE_STDINT_H /D HAVE_STDDEF_H /D "CMAKE_INTDIR=\"Debug\"" /D _MBCS /Gm- /RTC1 /MDd /GS /fp:precise /Zc:wchar_t /Zc:forScope /Fo"cmTC_d11f5.dir\Debug\\" /Fd"cmTC_d11f5.dir\Debug\vc120.pdb" /Gd /TC /analyze- /errorReport:queue "D:\DevelopmentEnvironment\Workspaces\Sources\zlib-1.2.11-src\vcprojects\CMakeFiles\CheckTypeSize\OFF64_T.c"
  Microsoft (R) C/C++ Optimizing Compiler Version 18.00.40629 for x86
  Copyright (C) Microsoft Corporation.  All rights reserved.
  
  cl /c /Zi /W3 /WX- /Od /Ob0 /Oy- /D WIN32 /D _WINDOWS /D _LARGEFILE64_SOURCE=1 /D HAVE_SYS_TYPES_H /D HAVE_STDINT_H /D HAVE_STDDEF_H /D "CMAKE_INTDIR=\"Debug\"" /D _MBCS /Gm- /RTC1 /MDd /GS /fp:precise /Zc:wchar_t /Zc:forScope /Fo"cmTC_d11f5.dir\Debug\\" /Fd"cmTC_d11f5.dir\Debug\vc120.pdb" /Gd /TC /analyze- /errorReport:queue "D:\DevelopmentEnvironment\Workspaces\Sources\zlib-1.2.11-src\vcprojects\CMakeFiles\CheckTypeSize\OFF64_T.c"
  
  OFF64_T.c
D:\DevelopmentEnvironment\Workspaces\Sources\zlib-1.2.11-src\vcprojects\CMakeFiles\CheckTypeSize\OFF64_T.c(19): error C2065: 'off64_t' : undeclared identifier [D:\DevelopmentEnvironment\Workspaces\Sources\zlib-1.2.11-src\vcprojects\CMakeFiles\CMakeTmp\cmTC_d11f5.vcxproj]
D:\DevelopmentEnvironment\Workspaces\Sources\zlib-1.2.11-src\vcprojects\CMakeFiles\CheckTypeSize\OFF64_T.c(20): error C2065: 'off64_t' : undeclared identifier [D:\DevelopmentEnvironment\Workspaces\Sources\zlib-1.2.11-src\vcprojects\CMakeFiles\CMakeTmp\cmTC_d11f5.vcxproj]
D:\DevelopmentEnvironment\Workspaces\Sources\zlib-1.2.11-src\vcprojects\CMakeFiles\CheckTypeSize\OFF64_T.c(21): error C2065: 'off64_t' : undeclared identifier [D:\DevelopmentEnvironment\Workspaces\Sources\zlib-1.2.11-src\vcprojects\CMakeFiles\CMakeTmp\cmTC_d11f5.vcxproj]
D:\DevelopmentEnvironment\Workspaces\Sources\zlib-1.2.11-src\vcprojects\CMakeFiles\CheckTypeSize\OFF64_T.c(22): error C2065: 'off64_t' : undeclared identifier [D:\DevelopmentEnvironment\Workspaces\Sources\zlib-1.2.11-src\vcprojects\CMakeFiles\CMakeTmp\cmTC_d11f5.vcxproj]
D:\DevelopmentEnvironment\Workspaces\Sources\zlib-1.2.11-src\vcprojects\CMakeFiles\CheckTypeSize\OFF64_T.c(23): error C2065: 'off64_t' : undeclared identifier [D:\DevelopmentEnvironment\Workspaces\Sources\zlib-1.2.11-src\vcprojects\CMakeFiles\CMakeTmp\cmTC_d11f5.vcxproj]
已完成生成项目“D:\DevelopmentEnvironment\Workspaces\Sources\zlib-1.2.11-src\vcprojects\CMakeFiles\CMakeTmp\cmTC_d11f5.vcxproj”(默认目标)的操作 - 失败。

生成失败。

“D:\DevelopmentEnvironment\Workspaces\Sources\zlib-1.2.11-src\vcprojects\CMakeFiles\CMakeTmp\cmTC_d11f5.vcxproj”(默认目标) (1) ->
(ClCompile 目标) -> 
  D:\DevelopmentEnvironment\Workspaces\Sources\zlib-1.2.11-src\vcprojects\CMakeFiles\CheckTypeSize\OFF64_T.c(19): error C2065: 'off64_t' : undeclared identifier [D:\DevelopmentEnvironment\Workspaces\Sources\zlib-1.2.11-src\vcprojects\CMakeFiles\CMakeTmp\cmTC_d11f5.vcxproj]
  D:\DevelopmentEnvironment\Workspaces\Sources\zlib-1.2.11-src\vcprojects\CMakeFiles\CheckTypeSize\OFF64_T.c(20): error C2065: 'off64_t' : undeclared identifier [D:\DevelopmentEnvironment\Workspaces\Sources\zlib-1.2.11-src\vcprojects\CMakeFiles\CMakeTmp\cmTC_d11f5.vcxproj]
  D:\DevelopmentEnvironment\Workspaces\Sources\zlib-1.2.11-src\vcprojects\CMakeFiles\CheckTypeSize\OFF64_T.c(21): error C2065: 'off64_t' : undeclared identifier [D:\DevelopmentEnvironment\Workspaces\Sources\zlib-1.2.11-src\vcprojects\CMakeFiles\CMakeTmp\cmTC_d11f5.vcxproj]
  D:\DevelopmentEnvironment\Workspaces\Sources\zlib-1.2.11-src\vcprojects\CMakeFiles\CheckTypeSize\OFF64_T.c(22): error C2065: 'off64_t' : undeclared identifier [D:\DevelopmentEnvironment\Workspaces\Sources\zlib-1.2.11-src\vcprojects\CMakeFiles\CMakeTmp\cmTC_d11f5.vcxproj]
  D:\DevelopmentEnvironment\Workspaces\Sources\zlib-1.2.11-src\vcprojects\CMakeFiles\CheckTypeSize\OFF64_T.c(23): error C2065: 'off64_t' : undeclared identifier [D:\DevelopmentEnvironment\Workspaces\Sources\zlib-1.2.11-src\vcprojects\CMakeFiles\CMakeTmp\cmTC_d11f5.vcxproj]

    0 个警告
    5 个错误

已用时间 00:00:00.39

D:/DevelopmentEnvironment/Workspaces/Sources/zlib-1.2.11-src/vcprojects/CMakeFiles/CheckTypeSize/OFF64_T.c:
#include <sys/types.h>
#include <stdint.h>
#include <stddef.h>


#undef KEY
#if defined(__i386)
# define KEY '_','_','i','3','8','6'
#elif defined(__x86_64)
# define KEY '_','_','x','8','6','_','6','4'
#elif defined(__ppc__)
# define KEY '_','_','p','p','c','_','_'
#elif defined(__ppc64__)
# define KEY '_','_','p','p','c','6','4','_','_'
#endif

#define SIZE (sizeof(off64_t))
char info_size[] =  {'I', 'N', 'F', 'O', ':', 's','i','z','e','[',
  ('0' + ((SIZE / 10000)%10)),
  ('0' + ((SIZE / 1000)%10)),
  ('0' + ((SIZE / 100)%10)),
  ('0' + ((SIZE / 10)%10)),
  ('0' +  (SIZE    % 10)),
  ']',
#ifdef KEY
  ' ','k','e','y','[', KEY, ']',
#endif
  '\0'};

#ifdef __CLASSIC_C__
int main(argc, argv) int argc; char *argv[];
#else
int main(int argc, char *argv[])
#endif
{
  int require = 0;
  require += info_size[argc];
  (void)argv;
  return require;
}


Determining if the function fseeko exists failed with the following output:
Change Dir: D:/DevelopmentEnvironment/Workspaces/Sources/zlib-1.2.11-src/vcprojects/CMakeFiles/CMakeTmp

Run Build Command:"C:/Program Files (x86)/MSBuild/12.0/bin/MSBuild.exe" "cmTC_a3327.vcxproj" "/p:Configuration=Debug" "/p:VisualStudioVersion=12.0"
Microsoft(R) 生成引擎版本 12.0.40629.0
[Microsoft .NET Framework 版本 4.0.30319.18444]
版权所有 (C) Microsoft Corporation。保留所有权利。

生成启动时间为 2018/5/7 11:56:04。
节点 1 上的项目“D:\DevelopmentEnvironment\Workspaces\Sources\zlib-1.2.11-src\vcprojects\CMakeFiles\CMakeTmp\cmTC_a3327.vcxproj”(默认目标)。
PrepareForBuild:
  正在创建目录“cmTC_a3327.dir\Debug\”。
  正在创建目录“D:\DevelopmentEnvironment\Workspaces\Sources\zlib-1.2.11-src\vcprojects\CMakeFiles\CMakeTmp\Debug\”。
  正在创建目录“cmTC_a3327.dir\Debug\cmTC_a3327.tlog\”。
InitializeBuildStatus:
  正在创建“cmTC_a3327.dir\Debug\cmTC_a3327.tlog\unsuccessfulbuild”，因为已指定“AlwaysCreate”。
ClCompile:
  C:\Program Files (x86)\Microsoft Visual Studio 12.0\VC\bin\CL.exe /c /Zi /W3 /WX- /Od /Ob0 /Oy- /D WIN32 /D _WINDOWS /D CHECK_FUNCTION_EXISTS=fseeko /D "CMAKE_INTDIR=\"Debug\"" /D _MBCS /Gm- /RTC1 /MDd /GS /fp:precise /Zc:wchar_t /Zc:forScope /Fo"cmTC_a3327.dir\Debug\\" /Fd"cmTC_a3327.dir\Debug\vc120.pdb" /Gd /TC /analyze- /errorReport:queue "D:\DevelopmentEnvironment\Softwares\cmake-3.9.3-win64-x64\share\cmake-3.9\Modules\CheckFunctionExists.c"
  Microsoft (R) C/C++ Optimizing Compiler Version 18.00.40629 for x86
  Copyright (C) Microsoft Corporation.  All rights reserved.
  
  cl /c /Zi /W3 /WX- /Od /Ob0 /Oy- /D WIN32 /D _WINDOWS /D CHECK_FUNCTION_EXISTS=fseeko /D "CMAKE_INTDIR=\"Debug\"" /D _MBCS /Gm- /RTC1 /MDd /GS /fp:precise /Zc:wchar_t /Zc:forScope /Fo"cmTC_a3327.dir\Debug\\" /Fd"cmTC_a3327.dir\Debug\vc120.pdb" /Gd /TC /analyze- /errorReport:queue "D:\DevelopmentEnvironment\Softwares\cmake-3.9.3-win64-x64\share\cmake-3.9\Modules\CheckFunctionExists.c"
  
  CheckFunctionExists.c
Link:
  C:\Program Files (x86)\Microsoft Visual Studio 12.0\VC\bin\link.exe /ERRORREPORT:QUEUE /OUT:"D:\DevelopmentEnvironment\Workspaces\Sources\zlib-1.2.11-src\vcprojects\CMakeFiles\CMakeTmp\Debug\cmTC_a3327.exe" /INCREMENTAL /NOLOGO kernel32.lib user32.lib gdi32.lib winspool.lib shell32.lib ole32.lib oleaut32.lib uuid.lib comdlg32.lib advapi32.lib /MANIFEST /MANIFESTUAC:"level='asInvoker' uiAccess='false'" /manifest:embed /DEBUG /PDB:"D:/DevelopmentEnvironment/Workspaces/Sources/zlib-1.2.11-src/vcprojects/CMakeFiles/CMakeTmp/Debug/cmTC_a3327.pdb" /SUBSYSTEM:CONSOLE /TLBID:1 /DYNAMICBASE /NXCOMPAT /IMPLIB:"D:/DevelopmentEnvironment/Workspaces/Sources/zlib-1.2.11-src/vcprojects/CMakeFiles/CMakeTmp/Debug/cmTC_a3327.lib" /MACHINE:X86 /SAFESEH  /machine:X86 cmTC_a3327.dir\Debug\CheckFunctionExists.obj
CheckFunctionExists.obj : error LNK2019: unresolved external symbol _fseeko referenced in function _main [D:\DevelopmentEnvironment\Workspaces\Sources\zlib-1.2.11-src\vcprojects\CMakeFiles\CMakeTmp\cmTC_a3327.vcxproj]
D:\DevelopmentEnvironment\Workspaces\Sources\zlib-1.2.11-src\vcprojects\CMakeFiles\CMakeTmp\Debug\cmTC_a3327.exe : fatal error LNK1120: 1 unresolved externals [D:\DevelopmentEnvironment\Workspaces\Sources\zlib-1.2.11-src\vcprojects\CMakeFiles\CMakeTmp\cmTC_a3327.vcxproj]
已完成生成项目“D:\DevelopmentEnvironment\Workspaces\Sources\zlib-1.2.11-src\vcprojects\CMakeFiles\CMakeTmp\cmTC_a3327.vcxproj”(默认目标)的操作 - 失败。

生成失败。

“D:\DevelopmentEnvironment\Workspaces\Sources\zlib-1.2.11-src\vcprojects\CMakeFiles\CMakeTmp\cmTC_a3327.vcxproj”(默认目标) (1) ->
(Link 目标) -> 
  CheckFunctionExists.obj : error LNK2019: unresolved external symbol _fseeko referenced in function _main [D:\DevelopmentEnvironment\Workspaces\Sources\zlib-1.2.11-src\vcprojects\CMakeFiles\CMakeTmp\cmTC_a3327.vcxproj]
  D:\DevelopmentEnvironment\Workspaces\Sources\zlib-1.2.11-src\vcprojects\CMakeFiles\CMakeTmp\Debug\cmTC_a3327.exe : fatal error LNK1120: 1 unresolved externals [D:\DevelopmentEnvironment\Workspaces\Sources\zlib-1.2.11-src\vcprojects\CMakeFiles\CMakeTmp\cmTC_a3327.vcxproj]

    0 个警告
    2 个错误

已用时间 00:00:00.51


Determining if the include file unistd.h exists failed with the following output:
Change Dir: D:/DevelopmentEnvironment/Workspaces/Sources/zlib-1.2.11-src/vcprojects/CMakeFiles/CMakeTmp

Run Build Command:"C:/Program Files (x86)/MSBuild/12.0/bin/MSBuild.exe" "cmTC_37b01.vcxproj" "/p:Configuration=Debug" "/p:VisualStudioVersion=12.0"
Microsoft(R) 生成引擎版本 12.0.40629.0
[Microsoft .NET Framework 版本 4.0.30319.18444]
版权所有 (C) Microsoft Corporation。保留所有权利。

生成启动时间为 2018/5/7 11:56:04。
节点 1 上的项目“D:\DevelopmentEnvironment\Workspaces\Sources\zlib-1.2.11-src\vcprojects\CMakeFiles\CMakeTmp\cmTC_37b01.vcxproj”(默认目标)。
PrepareForBuild:
  正在创建目录“cmTC_37b01.dir\Debug\”。
  正在创建目录“D:\DevelopmentEnvironment\Workspaces\Sources\zlib-1.2.11-src\vcprojects\CMakeFiles\CMakeTmp\Debug\”。
  正在创建目录“cmTC_37b01.dir\Debug\cmTC_37b01.tlog\”。
InitializeBuildStatus:
  正在创建“cmTC_37b01.dir\Debug\cmTC_37b01.tlog\unsuccessfulbuild”，因为已指定“AlwaysCreate”。
ClCompile:
  C:\Program Files (x86)\Microsoft Visual Studio 12.0\VC\bin\CL.exe /c /Zi /W3 /WX- /Od /Ob0 /Oy- /D WIN32 /D _WINDOWS /D "CMAKE_INTDIR=\"Debug\"" /D _MBCS /Gm- /RTC1 /MDd /GS /fp:precise /Zc:wchar_t /Zc:forScope /Fo"cmTC_37b01.dir\Debug\\" /Fd"cmTC_37b01.dir\Debug\vc120.pdb" /Gd /TC /analyze- /errorReport:queue "D:\DevelopmentEnvironment\Workspaces\Sources\zlib-1.2.11-src\vcprojects\CMakeFiles\CMakeTmp\CheckIncludeFile.c"
  Microsoft (R) C/C++ Optimizing Compiler Version 18.00.40629 for x86
  Copyright (C) Microsoft Corporation.  All rights reserved.
  
  cl /c /Zi /W3 /WX- /Od /Ob0 /Oy- /D WIN32 /D _WINDOWS /D "CMAKE_INTDIR=\"Debug\"" /D _MBCS /Gm- /RTC1 /MDd /GS /fp:precise /Zc:wchar_t /Zc:forScope /Fo"cmTC_37b01.dir\Debug\\" /Fd"cmTC_37b01.dir\Debug\vc120.pdb" /Gd /TC /analyze- /errorReport:queue "D:\DevelopmentEnvironment\Workspaces\Sources\zlib-1.2.11-src\vcprojects\CMakeFiles\CMakeTmp\CheckIncludeFile.c"
  
  CheckIncludeFile.c
D:\DevelopmentEnvironment\Workspaces\Sources\zlib-1.2.11-src\vcprojects\CMakeFiles\CMakeTmp\CheckIncludeFile.c(1): fatal error C1083: Cannot open include file: 'unistd.h': No such file or directory [D:\DevelopmentEnvironment\Workspaces\Sources\zlib-1.2.11-src\vcprojects\CMakeFiles\CMakeTmp\cmTC_37b01.vcxproj]
已完成生成项目“D:\DevelopmentEnvironment\Workspaces\Sources\zlib-1.2.11-src\vcprojects\CMakeFiles\CMakeTmp\cmTC_37b01.vcxproj”(默认目标)的操作 - 失败。

生成失败。

“D:\DevelopmentEnvironment\Workspaces\Sources\zlib-1.2.11-src\vcprojects\CMakeFiles\CMakeTmp\cmTC_37b01.vcxproj”(默认目标) (1) ->
(ClCompile 目标) -> 
  D:\DevelopmentEnvironment\Workspaces\Sources\zlib-1.2.11-src\vcprojects\CMakeFiles\CMakeTmp\CheckIncludeFile.c(1): fatal error C1083: Cannot open include file: 'unistd.h': No such file or directory [D:\DevelopmentEnvironment\Workspaces\Sources\zlib-1.2.11-src\vcprojects\CMakeFiles\CMakeTmp\cmTC_37b01.vcxproj]

    0 个警告
    1 个错误

已用时间 00:00:00.39


